<?xml version="1.0" encoding="UTF-8"?>
<databaseChangeLog
xmlns="http://www.liquibase.org/xml/ns/dbchangelog"
xmlns:xsi="http://www.w3.org/2001/XMLSchema-instance"
xsi:schemaLocation="http://www.liquibase.org/xml/ns/dbchangelog
                      http://www.liquibase.org/xml/ns/dbchangelog/dbchangelog-3.8.xsd">

    <changeSet id="test_execution-insert" author="frolov" context="dev">
        <loadData tableName="test_execution" encoding="UTF-8" separator=";" quotchar="&quot;" file="db/test-data/sqlRequests/test_execution.csv">
            <column header="test_id" name="test_id" type="NUMERIC" />
            <column header="agent_id" name="agent_id" type="NUMERIC" />
            <column header="execution_id" name="execution_id" type="NUMERIC" />
            <column header="status" name="status" type="STRING" />
            <column header="start_time" name="start_time" type="DATE" />
            <column header="end_time" name="end_time" type="DATE" />
        </loadData>
    </changeSet>

</databaseChangeLog>