<?xml version="1.0" encoding="UTF-8"?>
<databaseChangeLog
        xmlns="http://www.liquibase.org/xml/ns/dbchangelog"
        xmlns:xsi="http://www.w3.org/2001/XMLSchema-instance"
        xsi:schemaLocation="http://www.liquibase.org/xml/ns/dbchangelog
                      http://www.liquibase.org/xml/ns/dbchangelog/dbchangelog-3.8.xsd">
    <changeSet id="test-suite-insert" author="frolov" context="dev">
        <insert dbms="mysql" tableName="test_suite">
            <column name="id" value="2" />
            <column name="name" value="test" />
            <column name="date_added" value="2021-01-01 00:00:00"/>
            <column name="description" value="description"/>
            <column name="language" value="Java"/>
            <column name="version" value="123"/>
            <column name="source_id" value="1" />
            <column name="plugins" value="WarnPlugin"/>
            <column name="is_public" valueBoolean="false"/>
        </insert>

        <insert dbms="mysql" tableName="test_suite">
            <column name="id" value="3" />
            <column name="name" value="test" />
            <column name="date_added" value="2021-01-01 00:00:00"/>
            <column name="description" value="description"/>
            <column name="language" value="null"/>
            <column name="version" value="123"/>
            <column name="source_id" value="1" />
            <column name="plugins" value="WarnPlugin" />
            <column name="is_public" valueBoolean="false"/>
        </insert>

        <insert dbms="mysql" tableName="test_suite">
            <column name="id" value="4" />
            <column name="name" value="test" />
            <column name="date_added" value="2021-01-01 00:00:00"/>
            <column name="description" value="description"/>
            <column name="language" value="C++"/>
            <column name="version" valueComputed="id"/>
            <column name="source_id" value="1" />
            <column name="plugins" value="WarnPlugin" />
            <column name="is_public" valueBoolean="false"/>
        </insert>
    </changeSet>
    <changeSet id="test-suite-insert" author="petertrr" context="dev">
        <insert dbms="mysql" tableName="test_suite">
            <column name="id" value="5"/>
            <column name="name" value="Security issues for Unknown language"/>
            <column name="date_added" value="2021-01-01 00:00:00"/>
            <column name="description" value="description"/>
            <column name="language" value="null"/>
            <column name="tags" value="security,codestyle"/>
            <column name="version" valueComputed="id"/>
            <column name="source_id" value="1" />
            <column name="plugins" value="FixAndWarnPlugin,WarnPlugin" />
            <column name="is_public" valueBoolean="true"/>
        </insert>

        <insert dbms="mysql" tableName="test_suite">
            <column name="id" value="6"/>
            <column name="name" value="Security issues"/>
            <column name="date_added" value="2021-01-01 00:00:00"/>
            <column name="description" value="description"/>
            <column name="language" value="C++"/>
            <column name="tags" value="security,NPE,hardcode"/>
            <column name="version" valueComputed="id"/>
            <column name="source_id" value="1" />
            <column name="plugins" value="FixPlugin,FixAndWarnPlugin,WarnPlugin" />
            <column name="is_public" valueBoolean="true"/>
        </insert>

        <insert dbms="mysql" tableName="test_suite">
            <column name="id" value="7"/>
            <column name="name" value="Formatting"/>
            <column name="date_added" value="2021-01-01 00:00:00"/>
            <column name="description" value="description"/>
            <column name="language" value="Java"/>
            <column name="tags" value="NPE,security"/>
            <column name="version" valueComputed="id"/>
            <column name="source_id" value="1" />
            <column name="plugins" value="FixPlugin" />
            <column name="is_public" valueBoolean="false"/>
        </insert>

        <insert dbms="mysql" tableName="test_suite">
            <column name="id" value="8"/>
            <column name="name" value="Code style issues"/>
            <column name="date_added" value="2021-01-01 00:00:00"/>
            <column name="description" value="description"/>
            <column name="language" value="C++"/>
            <column name="tags" value="security,NPE,hardcode"/>
            <column name="version" valueComputed="id"/>
            <column name="source_id" value="1" />
            <column name="plugins" value="WarnPlugin" />
            <column name="is_public" valueBoolean="true"/>
        </insert>


        <insert dbms="mysql" tableName="test_suite">
            <column name="id" value="9"/>
            <column name="name" value="Null pointer issues"/>
            <column name="date_added" value="2021-01-01 00:00:00"/>
            <column name="description" value="description"/>
            <column name="language" value="C++"/>
            <column name="tags" value="security,NPE,hardcode"/>
            <column name="version" valueComputed="id"/>
            <column name="source_id" value="1" />
            <column name="plugins" value="WarnPlugin" />
            <column name="is_public" valueBoolean="true"/>
        </insert>

        <insert dbms="mysql" tableName="test_suite">
            <column name="id" value="10"/>
            <column name="name" value="Hardcoded values"/>
            <column name="date_added" value="2021-01-01 00:00:00"/>
            <column name="description" value="description"/>
            <column name="language" value="C++"/>
            <column name="tags" value="security,NPE,hardcode"/>
            <column name="version" valueComputed="id"/>
            <column name="source_id" value="1" />
            <column name="plugins" value="WarnPlugin,FixAndWarnPlugin" />
            <column name="is_public" valueBoolean="false"/>
        </insert>

        <insert dbms="mysql" tableName="test_suite">
            <column name="id" value="11" />
            <column name="name" value="test" />
            <column name="date_added" value="2021-01-01 00:00:00"/>
            <column name="description" value="description"/>
            <column name="language" value="Java"/>
            <column name="tags" value="NPE,security"/>
            <column name="version" valueComputed="id"/>
            <column name="source_id" value="1" />
            <column name="plugins" value="WarnPlugin" />
            <column name="is_public" valueBoolean="false"/>
        </insert>
    </changeSet>
    <changeSet id="add-standard-test-suite" author="nulls">
        <insert dbms="mysql" tableName="test_suite">
            <column name="id" value="12" />
            <column name="name" value="standard" />
            <column name="date_added" value="2021-01-01 00:00:00"/>
            <column name="description" value="description"/>
            <column name="language" value="Java"/>
            <column name="tags" value="NPE,security"/>
            <column name="version" value="123"/>
            <column name="source_id" value="2" />
            <column name="plugins" value="FixPlugin" />
            <column name="is_public" valueBoolean="false"/>
        </insert>
    </changeSet>
</databaseChangeLog>
