<?xml version="1.0" encoding="UTF-8"?>
<databaseChangeLog
        xmlns="http://www.liquibase.org/xml/ns/dbchangelog"
        xmlns:xsi="http://www.w3.org/2001/XMLSchema-instance"
        xsi:schemaLocation="http://www.liquibase.org/xml/ns/dbchangelog
                      http://www.liquibase.org/xml/ns/dbchangelog/dbchangelog-3.8.xsd">
    <changeSet id="test-suite-insert" author="frolov" context="dev">
        <insert dbms="mysql" tableName="test_suite">
            <column name="id" value="2" />
            <column name="name" value="test" />
            <column name="type" value="PROJECT" />
            <column name="project_id" value="1" />
            <column name="date_added" value="2021-01-01 00:00:00"/>
            <column name="properties_relative_path" value=""/>
            <column name="description" value="description"/>
            <column name="test_suite_repo_url" value="null"/>
        </insert>

        <insert dbms="mysql" tableName="test_suite">
            <column name="id" value="3" />
            <column name="name" value="test" />
            <column name="type" value="PROJECT" />
            <column name="project_id" value="1" />
            <column name="date_added" value="2021-01-01 00:00:00"/>
            <column name="properties_relative_path" value="subdir"/>
            <column name="description" value="description"/>
            <column name="test_suite_repo_url" value="null"/>
        </insert>

        <insert dbms="mysql" tableName="test_suite">
            <column name="id" value="4" />
            <column name="name" value="test" />
            <column name="type" value="STANDARD" />
            <column name="project_id" value="2" />
            <column name="date_added" value="2021-01-01 00:00:00"/>
            <column name="properties_relative_path" value=""/>
            <column name="description" value="description"/>
            <column name="test_suite_repo_url" value="null"/>
        </insert>
    </changeSet>
</databaseChangeLog>
