<?xml version="1.0" encoding="UTF-8"?>
<databaseChangeLog
xmlns="http://www.liquibase.org/xml/ns/dbchangelog"
xmlns:xsi="http://www.w3.org/2001/XMLSchema-instance"
xsi:schemaLocation="http://www.liquibase.org/xml/ns/dbchangelog
                      http://www.liquibase.org/xml/ns/dbchangelog/dbchangelog-3.8.xsd">
    <changeSet id="test-insert" author="frolov" context="dev">

        <loadData tableName="test" encoding="UTF-8" separator=";" quotchar="&quot;" file="db/v-1/insert-test-data/sqlRequests/test.csv">
            <column header="id" name="id" type="NUMERIC" />
            <column header="file_path" name="file_path" type="STRING" />
            <column header="hash" name="hash" type="STRING" />
            <column header="date_added" name="date_added" type="DATE" />
            <column header="test_suite_id" name="test_suite_id" type="NUMERIC" />
            <column header="plugin_name" name="plugin_name" type="STRING" />
            <column header="tags" name="tags" type="STRING" />
        </loadData>

    </changeSet>

</databaseChangeLog>